<?xml version="1.0" encoding="UTF-8"?>
<coverage generated="1560603614406" clover="3.2.0">
  <project timestamp="1560603614406" name="All files">
    <metrics statements="207" coveredstatements="124" conditionals="241" coveredconditionals="133" methods="20" coveredmethods="20" elements="468" coveredelements="277" complexity="0" loc="207" ncloc="207" packages="1" files="5" classes="5"/>
    <file name="computors.js" path="C:\Users\Ole\npm\localized-readability\src\computors.js">
      <metrics statements="18" coveredstatements="10" conditionals="23" coveredconditionals="15" methods="3" coveredmethods="3"/>
      <line num="13" count="3" type="cond" truecount="5" falsecount="1"/>
      <line num="14" count="0" type="stmt"/>
      <line num="16" count="3" type="stmt"/>
      <line num="26" count="3" type="cond" truecount="4" falsecount="1"/>
      <line num="27" count="0" type="stmt"/>
      <line num="29" count="3" type="stmt"/>
      <line num="41" count="3" type="cond" truecount="5" falsecount="1"/>
      <line num="42" count="0" type="stmt"/>
      <line num="44" count="3" type="stmt"/>
      <line num="45" count="3" type="stmt"/>
      <line num="46" count="3" type="cond" truecount="1" falsecount="5"/>
      <line num="48" count="0" type="stmt"/>
      <line num="50" count="3" type="stmt"/>
      <line num="52" count="0" type="stmt"/>
      <line num="54" count="0" type="stmt"/>
      <line num="56" count="0" type="stmt"/>
      <line num="58" count="0" type="stmt"/>
      <line num="62" count="6" type="stmt"/>
    </file>
    <file name="highlighter.js" path="C:\Users\Ole\npm\localized-readability\src\highlighter.js">
      <metrics statements="44" coveredstatements="26" conditionals="49" coveredconditionals="28" methods="4" coveredmethods="4"/>
      <line num="6" count="1" type="stmt"/>
      <line num="21" count="1" type="cond" truecount="3" falsecount="1"/>
      <line num="22" count="0" type="stmt"/>
      <line num="24" count="1" type="cond" truecount="1" falsecount="1"/>
      <line num="25" count="0" type="stmt"/>
      <line num="27" count="1" type="stmt"/>
      <line num="28" count="1022" type="stmt"/>
      <line num="29" count="1022" type="cond" truecount="2" falsecount="2"/>
      <line num="30" count="0" type="cond" truecount="0" falsecount="4"/>
      <line num="31" count="0" type="stmt"/>
      <line num="32" count="0" type="stmt"/>
      <line num="37" count="0" type="cond" truecount="0" falsecount="2"/>
      <line num="38" count="0" type="stmt"/>
      <line num="39" count="0" type="cond" truecount="0" falsecount="2"/>
      <line num="40" count="0" type="stmt"/>
      <line num="41" count="0" type="cond" truecount="0" falsecount="2"/>
      <line num="42" count="0" type="stmt"/>
      <line num="43" count="0" type="cond" truecount="0" falsecount="2"/>
      <line num="44" count="0" type="stmt"/>
      <line num="47" count="0" type="stmt"/>
      <line num="51" count="0" type="stmt"/>
      <line num="52" count="1022" type="cond" truecount="4" falsecount="0"/>
      <line num="53" count="23" type="stmt"/>
      <line num="54" count="594" type="stmt"/>
      <line num="56" count="23" type="cond" truecount="4" falsecount="0"/>
      <line num="57" count="1" type="stmt"/>
      <line num="58" count="22" type="cond" truecount="4" falsecount="0"/>
      <line num="59" count="1" type="stmt"/>
      <line num="60" count="21" type="cond" truecount="2" falsecount="2"/>
      <line num="61" count="0" type="stmt"/>
      <line num="62" count="21" type="cond" truecount="1" falsecount="1"/>
      <line num="63" count="0" type="stmt"/>
      <line num="65" count="23" type="stmt"/>
      <line num="69" count="23" type="stmt"/>
      <line num="70" count="999" type="cond" truecount="4" falsecount="0"/>
      <line num="71" count="10" type="stmt"/>
      <line num="72" count="10" type="stmt"/>
      <line num="74" count="1022" type="stmt"/>
      <line num="76" count="1" type="stmt"/>
      <line num="85" count="1" type="cond" truecount="3" falsecount="1"/>
      <line num="86" count="0" type="stmt"/>
      <line num="88" count="1" type="stmt"/>
      <line num="89" count="1" type="stmt"/>
      <line num="92" count="1" type="stmt"/>
    </file>
    <file name="interpretors.js" path="C:\Users\Ole\npm\localized-readability\src\interpretors.js">
      <metrics statements="73" coveredstatements="29" conditionals="121" coveredconditionals="53" methods="4" coveredmethods="4"/>
      <line num="13" count="2" type="cond" truecount="3" falsecount="1"/>
      <line num="14" count="0" type="stmt"/>
      <line num="16" count="2" type="cond" truecount="3" falsecount="1"/>
      <line num="17" count="0" type="stmt"/>
      <line num="20" count="2" type="cond" truecount="1" falsecount="1"/>
      <line num="21" count="0" type="stmt"/>
      <line num="22" count="2" type="cond" truecount="3" falsecount="1"/>
      <line num="23" count="0" type="stmt"/>
      <line num="24" count="2" type="cond" truecount="3" falsecount="1"/>
      <line num="25" count="0" type="stmt"/>
      <line num="26" count="2" type="cond" truecount="3" falsecount="1"/>
      <line num="27" count="0" type="stmt"/>
      <line num="28" count="2" type="cond" truecount="3" falsecount="1"/>
      <line num="29" count="0" type="stmt"/>
      <line num="30" count="2" type="cond" truecount="3" falsecount="1"/>
      <line num="31" count="0" type="stmt"/>
      <line num="32" count="2" type="cond" truecount="1" falsecount="1"/>
      <line num="33" count="2" type="stmt"/>
      <line num="35" count="2" type="stmt"/>
      <line num="47" count="2" type="cond" truecount="1" falsecount="1"/>
      <line num="48" count="0" type="stmt"/>
      <line num="50" count="2" type="cond" truecount="3" falsecount="1"/>
      <line num="51" count="0" type="stmt"/>
      <line num="53" count="2" type="cond" truecount="1" falsecount="1"/>
      <line num="54" count="0" type="stmt"/>
      <line num="56" count="2" type="stmt"/>
      <line num="66" count="2" type="cond" truecount="3" falsecount="1"/>
      <line num="67" count="0" type="stmt"/>
      <line num="69" count="2" type="cond" truecount="3" falsecount="1"/>
      <line num="70" count="0" type="stmt"/>
      <line num="72" count="2" type="cond" truecount="1" falsecount="1"/>
      <line num="73" count="0" type="stmt"/>
      <line num="74" count="2" type="cond" truecount="1" falsecount="1"/>
      <line num="75" count="2" type="stmt"/>
      <line num="76" count="0" type="cond" truecount="0" falsecount="4"/>
      <line num="77" count="0" type="stmt"/>
      <line num="78" count="0" type="cond" truecount="0" falsecount="4"/>
      <line num="79" count="0" type="stmt"/>
      <line num="80" count="0" type="cond" truecount="0" falsecount="4"/>
      <line num="81" count="0" type="stmt"/>
      <line num="82" count="0" type="cond" truecount="0" falsecount="2"/>
      <line num="83" count="0" type="stmt"/>
      <line num="93" count="2" type="cond" truecount="3" falsecount="1"/>
      <line num="94" count="0" type="stmt"/>
      <line num="96" count="2" type="cond" truecount="1" falsecount="1"/>
      <line num="97" count="0" type="stmt"/>
      <line num="98" count="2" type="cond" truecount="1" falsecount="1"/>
      <line num="99" count="0" type="stmt"/>
      <line num="100" count="2" type="cond" truecount="3" falsecount="1"/>
      <line num="101" count="0" type="stmt"/>
      <line num="102" count="2" type="cond" truecount="3" falsecount="1"/>
      <line num="103" count="0" type="stmt"/>
      <line num="104" count="2" type="cond" truecount="3" falsecount="1"/>
      <line num="105" count="0" type="stmt"/>
      <line num="106" count="2" type="cond" truecount="3" falsecount="1"/>
      <line num="107" count="2" type="stmt"/>
      <line num="108" count="0" type="cond" truecount="0" falsecount="4"/>
      <line num="109" count="0" type="stmt"/>
      <line num="110" count="0" type="cond" truecount="0" falsecount="4"/>
      <line num="111" count="0" type="stmt"/>
      <line num="112" count="0" type="cond" truecount="0" falsecount="4"/>
      <line num="113" count="0" type="stmt"/>
      <line num="114" count="0" type="cond" truecount="0" falsecount="4"/>
      <line num="115" count="0" type="stmt"/>
      <line num="116" count="0" type="cond" truecount="0" falsecount="4"/>
      <line num="117" count="0" type="stmt"/>
      <line num="118" count="0" type="cond" truecount="0" falsecount="4"/>
      <line num="119" count="0" type="stmt"/>
      <line num="120" count="0" type="cond" truecount="0" falsecount="4"/>
      <line num="121" count="0" type="stmt"/>
      <line num="122" count="0" type="cond" truecount="0" falsecount="2"/>
      <line num="123" count="0" type="stmt"/>
      <line num="127" count="6" type="stmt"/>
    </file>
    <file name="parser.js" path="C:\Users\Ole\npm\localized-readability\src\parser.js">
      <metrics statements="45" coveredstatements="36" conditionals="32" coveredconditionals="24" methods="6" coveredmethods="6"/>
      <line num="6" count="6" type="stmt"/>
      <line num="7" count="6" type="stmt"/>
      <line num="8" count="6" type="stmt"/>
      <line num="9" count="6" type="stmt"/>
      <line num="10" count="6" type="stmt"/>
      <line num="11" count="6" type="stmt"/>
      <line num="12" count="6" type="stmt"/>
      <line num="13" count="6" type="stmt"/>
      <line num="14" count="6" type="stmt"/>
      <line num="15" count="6" type="stmt"/>
      <line num="16" count="6" type="stmt"/>
      <line num="17" count="6" type="stmt"/>
      <line num="18" count="6" type="stmt"/>
      <line num="28" count="6" type="cond" truecount="3" falsecount="1"/>
      <line num="29" count="0" type="stmt"/>
      <line num="31" count="6" type="stmt"/>
      <line num="32" count="6" type="stmt"/>
      <line num="33" count="6" type="stmt"/>
      <line num="34" count="6" type="stmt"/>
      <line num="35" count="6" type="stmt"/>
      <line num="36" count="6" type="stmt"/>
      <line num="37" count="6" type="stmt"/>
      <line num="39" count="0" type="stmt"/>
      <line num="41" count="6" type="stmt"/>
      <line num="56" count="4" type="cond" truecount="3" falsecount="1"/>
      <line num="57" count="0" type="stmt"/>
      <line num="59" count="4" type="stmt"/>
      <line num="68" count="1164" type="stmt"/>
      <line num="84" count="3" type="cond" truecount="3" falsecount="1"/>
      <line num="85" count="0" type="stmt"/>
      <line num="87" count="3" type="cond" truecount="3" falsecount="1"/>
      <line num="88" count="0" type="stmt"/>
      <line num="90" count="3" type="stmt"/>
      <line num="156" count="2" type="cond" truecount="3" falsecount="1"/>
      <line num="157" count="0" type="stmt"/>
      <line num="159" count="2" type="cond" truecount="3" falsecount="1"/>
      <line num="160" count="0" type="stmt"/>
      <line num="162" count="2" type="cond" truecount="3" falsecount="1"/>
      <line num="163" count="0" type="stmt"/>
      <line num="165" count="2" type="stmt"/>
      <line num="166" count="2" type="stmt"/>
      <line num="197" count="1" type="cond" truecount="1" falsecount="1"/>
      <line num="201" count="0" type="stmt"/>
      <line num="205" count="1" type="stmt"/>
      <line num="222" count="6" type="stmt"/>
    </file>
    <file name="utilities.js" path="C:\Users\Ole\npm\localized-readability\src\utilities.js">
      <metrics statements="27" coveredstatements="23" conditionals="16" coveredconditionals="13" methods="3" coveredmethods="3"/>
      <line num="14" count="6" type="cond" truecount="3" falsecount="1"/>
      <line num="15" count="0" type="stmt"/>
      <line num="17" count="6" type="stmt"/>
      <line num="18" count="6" type="stmt"/>
      <line num="19" count="6" type="stmt"/>
      <line num="20" count="6" type="stmt"/>
      <line num="21" count="6" type="stmt"/>
      <line num="22" count="1746" type="cond" truecount="2" falsecount="0"/>
      <line num="23" count="1266" type="stmt"/>
      <line num="24" count="1266" type="cond" truecount="2" falsecount="0"/>
      <line num="25" count="108" type="stmt"/>
      <line num="27" count="1266" type="stmt"/>
      <line num="31" count="0" type="stmt"/>
      <line num="33" count="6" type="stmt"/>
      <line num="43" count="4" type="cond" truecount="3" falsecount="1"/>
      <line num="44" count="0" type="stmt"/>
      <line num="46" count="4" type="stmt"/>
      <line num="47" count="4" type="stmt"/>
      <line num="48" count="4" type="stmt"/>
      <line num="49" count="4" type="stmt"/>
      <line num="58" count="2" type="cond" truecount="3" falsecount="1"/>
      <line num="59" count="0" type="stmt"/>
      <line num="61" count="2" type="stmt"/>
      <line num="62" count="2" type="stmt"/>
      <line num="63" count="9" type="stmt"/>
      <line num="65" count="2" type="stmt"/>
      <line num="68" count="6" type="stmt"/>
    </file>
  </project>
</coverage>
