{"C:\\Users\\Ole\\npm\\localized-readability\\src\\computors.js": {"path":"C:\\Users\\Ole\\npm\\localized-readability\\src\\computors.js","statementMap":{"0":{"start":{"line":13,"column":2},"end":{"line":15,"column":3}},"1":{"start":{"line":14,"column":4},"end":{"line":14,"column":15}},"2":{"start":{"line":16,"column":2},"end":{"line":16,"column":77}},"3":{"start":{"line":26,"column":2},"end":{"line":28,"column":3}},"4":{"start":{"line":27,"column":4},"end":{"line":27,"column":15}},"5":{"start":{"line":29,"column":2},"end":{"line":29,"column":43}},"6":{"start":{"line":41,"column":2},"end":{"line":43,"column":3}},"7":{"start":{"line":42,"column":4},"end":{"line":42,"column":15}},"8":{"start":{"line":44,"column":14},"end":{"line":44,"column":43}},"9":{"start":{"line":45,"column":14},"end":{"line":45,"column":43}},"10":{"start":{"line":46,"column":2},"end":{"line":59,"column":3}},"11":{"start":{"line":48,"column":6},"end":{"line":48,"column":48}},"12":{"start":{"line":50,"column":6},"end":{"line":50,"column":48}},"13":{"start":{"line":52,"column":6},"end":{"line":52,"column":36}},"14":{"start":{"line":54,"column":6},"end":{"line":54,"column":44}},"15":{"start":{"line":56,"column":6},"end":{"line":56,"column":46}},"16":{"start":{"line":58,"column":6},"end":{"line":58,"column":36}},"17":{"start":{"line":62,"column":0},"end":{"line":66,"column":2}}},"fnMap":{"0":{"name":"LIX","decl":{"start":{"line":12,"column":9},"end":{"line":12,"column":12}},"loc":{"start":{"line":12,"column":20},"end":{"line":17,"column":1}},"line":12},"1":{"name":"RIX","decl":{"start":{"line":25,"column":9},"end":{"line":25,"column":12}},"loc":{"start":{"line":25,"column":20},"end":{"line":30,"column":1}},"line":25},"2":{"name":"Flesch","decl":{"start":{"line":40,"column":9},"end":{"line":40,"column":15}},"loc":{"start":{"line":40,"column":29},"end":{"line":60,"column":1}},"line":40}},"branchMap":{"0":{"loc":{"start":{"line":13,"column":2},"end":{"line":15,"column":3}},"type":"if","locations":[{"start":{"line":13,"column":2},"end":{"line":15,"column":3}},{"start":{"line":13,"column":2},"end":{"line":15,"column":3}}],"line":13},"1":{"loc":{"start":{"line":13,"column":6},"end":{"line":13,"column":66}},"type":"binary-expr","locations":[{"start":{"line":13,"column":6},"end":{"line":13,"column":12}},{"start":{"line":13,"column":16},"end":{"line":13,"column":28}},{"start":{"line":13,"column":32},"end":{"line":13,"column":46}},{"start":{"line":13,"column":50},"end":{"line":13,"column":66}}],"line":13},"2":{"loc":{"start":{"line":26,"column":2},"end":{"line":28,"column":3}},"type":"if","locations":[{"start":{"line":26,"column":2},"end":{"line":28,"column":3}},{"start":{"line":26,"column":2},"end":{"line":28,"column":3}}],"line":26},"3":{"loc":{"start":{"line":26,"column":6},"end":{"line":26,"column":52}},"type":"binary-expr","locations":[{"start":{"line":26,"column":6},"end":{"line":26,"column":12}},{"start":{"line":26,"column":16},"end":{"line":26,"column":32}},{"start":{"line":26,"column":36},"end":{"line":26,"column":52}}],"line":26},"4":{"loc":{"start":{"line":41,"column":2},"end":{"line":43,"column":3}},"type":"if","locations":[{"start":{"line":41,"column":2},"end":{"line":43,"column":3}},{"start":{"line":41,"column":2},"end":{"line":43,"column":3}}],"line":41},"5":{"loc":{"start":{"line":41,"column":6},"end":{"line":41,"column":68}},"type":"binary-expr","locations":[{"start":{"line":41,"column":6},"end":{"line":41,"column":12}},{"start":{"line":41,"column":16},"end":{"line":41,"column":28}},{"start":{"line":41,"column":32},"end":{"line":41,"column":48}},{"start":{"line":41,"column":52},"end":{"line":41,"column":68}}],"line":41},"6":{"loc":{"start":{"line":46,"column":2},"end":{"line":59,"column":3}},"type":"switch","locations":[{"start":{"line":47,"column":4},"end":{"line":48,"column":48}},{"start":{"line":49,"column":4},"end":{"line":50,"column":48}},{"start":{"line":51,"column":4},"end":{"line":52,"column":36}},{"start":{"line":53,"column":4},"end":{"line":54,"column":44}},{"start":{"line":55,"column":4},"end":{"line":56,"column":46}},{"start":{"line":57,"column":4},"end":{"line":58,"column":36}}],"line":46}},"s":{"0":3,"1":0,"2":3,"3":3,"4":0,"5":3,"6":3,"7":0,"8":3,"9":3,"10":3,"11":0,"12":3,"13":0,"14":0,"15":0,"16":0,"17":6},"f":{"0":3,"1":3,"2":3},"b":{"0":[0,3],"1":[3,3,3,3],"2":[0,3],"3":[3,3,3],"4":[0,3],"5":[3,3,3,3],"6":[0,3,0,0,0,0]},"_coverageSchema":"43e27e138ebf9cfc5966b082cf9a028302ed4184","hash":"642043f1a5ef6abbb3bdf2db72b3dcb36d06328f"}
,"C:\\Users\\Ole\\npm\\localized-readability\\src\\highlighter.js": {"path":"C:\\Users\\Ole\\npm\\localized-readability\\src\\highlighter.js","statementMap":{"0":{"start":{"line":6,"column":12},"end":{"line":6,"column":37}},"1":{"start":{"line":21,"column":2},"end":{"line":23,"column":3}},"2":{"start":{"line":22,"column":4},"end":{"line":22,"column":71}},"3":{"start":{"line":24,"column":2},"end":{"line":26,"column":3}},"4":{"start":{"line":25,"column":4},"end":{"line":25,"column":16}},"5":{"start":{"line":27,"column":18},"end":{"line":75,"column":4}},"6":{"start":{"line":28,"column":21},"end":{"line":28,"column":22}},"7":{"start":{"line":29,"column":4},"end":{"line":73,"column":5}},"8":{"start":{"line":30,"column":6},"end":{"line":46,"column":7}},"9":{"start":{"line":31,"column":26},"end":{"line":31,"column":48}},"10":{"start":{"line":32,"column":30},"end":{"line":36,"column":19}},"11":{"start":{"line":37,"column":8},"end":{"line":45,"column":9}},"12":{"start":{"line":38,"column":10},"end":{"line":38,"column":25}},"13":{"start":{"line":39,"column":15},"end":{"line":45,"column":9}},"14":{"start":{"line":40,"column":10},"end":{"line":40,"column":25}},"15":{"start":{"line":41,"column":15},"end":{"line":45,"column":9}},"16":{"start":{"line":42,"column":10},"end":{"line":42,"column":25}},"17":{"start":{"line":43,"column":15},"end":{"line":45,"column":9}},"18":{"start":{"line":44,"column":10},"end":{"line":44,"column":25}},"19":{"start":{"line":47,"column":6},"end":{"line":50,"column":9}},"20":{"start":{"line":51,"column":6},"end":{"line":51,"column":65}},"21":{"start":{"line":52,"column":11},"end":{"line":73,"column":5}},"22":{"start":{"line":53,"column":24},"end":{"line":55,"column":15}},"23":{"start":{"line":54,"column":8},"end":{"line":54,"column":39}},"24":{"start":{"line":56,"column":6},"end":{"line":64,"column":7}},"25":{"start":{"line":57,"column":8},"end":{"line":57,"column":23}},"26":{"start":{"line":58,"column":13},"end":{"line":64,"column":7}},"27":{"start":{"line":59,"column":8},"end":{"line":59,"column":23}},"28":{"start":{"line":60,"column":13},"end":{"line":64,"column":7}},"29":{"start":{"line":61,"column":8},"end":{"line":61,"column":23}},"30":{"start":{"line":62,"column":13},"end":{"line":64,"column":7}},"31":{"start":{"line":63,"column":8},"end":{"line":63,"column":23}},"32":{"start":{"line":65,"column":6},"end":{"line":68,"column":9}},"33":{"start":{"line":69,"column":6},"end":{"line":69,"column":65}},"34":{"start":{"line":70,"column":11},"end":{"line":73,"column":5}},"35":{"start":{"line":71,"column":6},"end":{"line":71,"column":64}},"36":{"start":{"line":72,"column":6},"end":{"line":72,"column":62}},"37":{"start":{"line":74,"column":4},"end":{"line":74,"column":16}},"38":{"start":{"line":76,"column":2},"end":{"line":76,"column":17}},"39":{"start":{"line":85,"column":2},"end":{"line":87,"column":3}},"40":{"start":{"line":86,"column":4},"end":{"line":86,"column":71}},"41":{"start":{"line":88,"column":24},"end":{"line":88,"column":50}},"42":{"start":{"line":89,"column":2},"end":{"line":89,"column":29}},"43":{"start":{"line":92,"column":0},"end":{"line":95,"column":2}}},"fnMap":{"0":{"name":"highlight","decl":{"start":{"line":20,"column":9},"end":{"line":20,"column":18}},"loc":{"start":{"line":20,"column":42},"end":{"line":77,"column":1}},"line":20},"1":{"name":"(anonymous_1)","decl":{"start":{"line":27,"column":28},"end":{"line":27,"column":29}},"loc":{"start":{"line":27,"column":43},"end":{"line":75,"column":3}},"line":27},"2":{"name":"(anonymous_2)","decl":{"start":{"line":53,"column":45},"end":{"line":53,"column":46}},"loc":{"start":{"line":53,"column":60},"end":{"line":55,"column":7}},"line":53},"3":{"name":"stringify","decl":{"start":{"line":84,"column":9},"end":{"line":84,"column":18}},"loc":{"start":{"line":84,"column":25},"end":{"line":90,"column":1}},"line":84}},"branchMap":{"0":{"loc":{"start":{"line":20,"column":25},"end":{"line":20,"column":40}},"type":"default-arg","locations":[{"start":{"line":20,"column":35},"end":{"line":20,"column":40}}],"line":20},"1":{"loc":{"start":{"line":21,"column":2},"end":{"line":23,"column":3}},"type":"if","locations":[{"start":{"line":21,"column":2},"end":{"line":23,"column":3}},{"start":{"line":21,"column":2},"end":{"line":23,"column":3}}],"line":21},"2":{"loc":{"start":{"line":21,"column":6},"end":{"line":21,"column":61}},"type":"binary-expr","locations":[{"start":{"line":21,"column":6},"end":{"line":21,"column":29}},{"start":{"line":21,"column":33},"end":{"line":21,"column":61}}],"line":21},"3":{"loc":{"start":{"line":24,"column":2},"end":{"line":26,"column":3}},"type":"if","locations":[{"start":{"line":24,"column":2},"end":{"line":26,"column":3}},{"start":{"line":24,"column":2},"end":{"line":26,"column":3}}],"line":24},"4":{"loc":{"start":{"line":29,"column":4},"end":{"line":73,"column":5}},"type":"if","locations":[{"start":{"line":29,"column":4},"end":{"line":73,"column":5}},{"start":{"line":29,"column":4},"end":{"line":73,"column":5}}],"line":29},"5":{"loc":{"start":{"line":29,"column":8},"end":{"line":29,"column":49}},"type":"binary-expr","locations":[{"start":{"line":29,"column":8},"end":{"line":29,"column":21}},{"start":{"line":29,"column":25},"end":{"line":29,"column":49}}],"line":29},"6":{"loc":{"start":{"line":30,"column":6},"end":{"line":46,"column":7}},"type":"if","locations":[{"start":{"line":30,"column":6},"end":{"line":46,"column":7}},{"start":{"line":30,"column":6},"end":{"line":46,"column":7}}],"line":30},"7":{"loc":{"start":{"line":30,"column":10},"end":{"line":30,"column":55}},"type":"binary-expr","locations":[{"start":{"line":30,"column":10},"end":{"line":30,"column":24}},{"start":{"line":30,"column":28},"end":{"line":30,"column":55}}],"line":30},"8":{"loc":{"start":{"line":37,"column":8},"end":{"line":45,"column":9}},"type":"if","locations":[{"start":{"line":37,"column":8},"end":{"line":45,"column":9}},{"start":{"line":37,"column":8},"end":{"line":45,"column":9}}],"line":37},"9":{"loc":{"start":{"line":39,"column":15},"end":{"line":45,"column":9}},"type":"if","locations":[{"start":{"line":39,"column":15},"end":{"line":45,"column":9}},{"start":{"line":39,"column":15},"end":{"line":45,"column":9}}],"line":39},"10":{"loc":{"start":{"line":41,"column":15},"end":{"line":45,"column":9}},"type":"if","locations":[{"start":{"line":41,"column":15},"end":{"line":45,"column":9}},{"start":{"line":41,"column":15},"end":{"line":45,"column":9}}],"line":41},"11":{"loc":{"start":{"line":43,"column":15},"end":{"line":45,"column":9}},"type":"if","locations":[{"start":{"line":43,"column":15},"end":{"line":45,"column":9}},{"start":{"line":43,"column":15},"end":{"line":45,"column":9}}],"line":43},"12":{"loc":{"start":{"line":52,"column":11},"end":{"line":73,"column":5}},"type":"if","locations":[{"start":{"line":52,"column":11},"end":{"line":73,"column":5}},{"start":{"line":52,"column":11},"end":{"line":73,"column":5}}],"line":52},"13":{"loc":{"start":{"line":52,"column":15},"end":{"line":52,"column":64}},"type":"binary-expr","locations":[{"start":{"line":52,"column":15},"end":{"line":52,"column":32}},{"start":{"line":52,"column":36},"end":{"line":52,"column":64}}],"line":52},"14":{"loc":{"start":{"line":56,"column":6},"end":{"line":64,"column":7}},"type":"if","locations":[{"start":{"line":56,"column":6},"end":{"line":64,"column":7}},{"start":{"line":56,"column":6},"end":{"line":64,"column":7}}],"line":56},"15":{"loc":{"start":{"line":56,"column":10},"end":{"line":56,"column":43}},"type":"binary-expr","locations":[{"start":{"line":56,"column":10},"end":{"line":56,"column":24}},{"start":{"line":56,"column":28},"end":{"line":56,"column":43}}],"line":56},"16":{"loc":{"start":{"line":58,"column":13},"end":{"line":64,"column":7}},"type":"if","locations":[{"start":{"line":58,"column":13},"end":{"line":64,"column":7}},{"start":{"line":58,"column":13},"end":{"line":64,"column":7}}],"line":58},"17":{"loc":{"start":{"line":58,"column":17},"end":{"line":58,"column":50}},"type":"binary-expr","locations":[{"start":{"line":58,"column":17},"end":{"line":58,"column":31}},{"start":{"line":58,"column":35},"end":{"line":58,"column":50}}],"line":58},"18":{"loc":{"start":{"line":60,"column":13},"end":{"line":64,"column":7}},"type":"if","locations":[{"start":{"line":60,"column":13},"end":{"line":64,"column":7}},{"start":{"line":60,"column":13},"end":{"line":64,"column":7}}],"line":60},"19":{"loc":{"start":{"line":60,"column":17},"end":{"line":60,"column":50}},"type":"binary-expr","locations":[{"start":{"line":60,"column":17},"end":{"line":60,"column":31}},{"start":{"line":60,"column":35},"end":{"line":60,"column":50}}],"line":60},"20":{"loc":{"start":{"line":62,"column":13},"end":{"line":64,"column":7}},"type":"if","locations":[{"start":{"line":62,"column":13},"end":{"line":64,"column":7}},{"start":{"line":62,"column":13},"end":{"line":64,"column":7}}],"line":62},"21":{"loc":{"start":{"line":70,"column":11},"end":{"line":73,"column":5}},"type":"if","locations":[{"start":{"line":70,"column":11},"end":{"line":73,"column":5}},{"start":{"line":70,"column":11},"end":{"line":73,"column":5}}],"line":70},"22":{"loc":{"start":{"line":70,"column":15},"end":{"line":70,"column":66}},"type":"binary-expr","locations":[{"start":{"line":70,"column":15},"end":{"line":70,"column":33}},{"start":{"line":70,"column":37},"end":{"line":70,"column":66}}],"line":70},"23":{"loc":{"start":{"line":85,"column":2},"end":{"line":87,"column":3}},"type":"if","locations":[{"start":{"line":85,"column":2},"end":{"line":87,"column":3}},{"start":{"line":85,"column":2},"end":{"line":87,"column":3}}],"line":85},"24":{"loc":{"start":{"line":85,"column":6},"end":{"line":85,"column":61}},"type":"binary-expr","locations":[{"start":{"line":85,"column":6},"end":{"line":85,"column":29}},{"start":{"line":85,"column":33},"end":{"line":85,"column":61}}],"line":85}},"s":{"0":1,"1":1,"2":0,"3":1,"4":0,"5":1,"6":1022,"7":1022,"8":0,"9":0,"10":0,"11":0,"12":0,"13":0,"14":0,"15":0,"16":0,"17":0,"18":0,"19":0,"20":0,"21":1022,"22":23,"23":594,"24":23,"25":1,"26":22,"27":1,"28":21,"29":0,"30":21,"31":0,"32":23,"33":23,"34":999,"35":10,"36":10,"37":1022,"38":1,"39":1,"40":0,"41":1,"42":1,"43":1},"f":{"0":1,"1":1022,"2":594,"3":1},"b":{"0":[0],"1":[0,1],"2":[1,1],"3":[0,1],"4":[0,1022],"5":[1022,0],"6":[0,0],"7":[0,0],"8":[0,0],"9":[0,0],"10":[0,0],"11":[0,0],"12":[23,999],"13":[1022,1022],"14":[1,22],"15":[23,2],"16":[1,21],"17":[22,1],"18":[0,21],"19":[21,0],"20":[0,21],"21":[10,989],"22":[999,999],"23":[0,1],"24":[1,1]},"_coverageSchema":"43e27e138ebf9cfc5966b082cf9a028302ed4184","hash":"1e4b32116dbc84f3b6421e4e0e037696b2d2e7cc"}
,"C:\\Users\\Ole\\npm\\localized-readability\\src\\interpretors.js": {"path":"C:\\Users\\Ole\\npm\\localized-readability\\src\\interpretors.js","statementMap":{"0":{"start":{"line":13,"column":2},"end":{"line":15,"column":3}},"1":{"start":{"line":14,"column":4},"end":{"line":14,"column":63}},"2":{"start":{"line":16,"column":2},"end":{"line":18,"column":3}},"3":{"start":{"line":17,"column":4},"end":{"line":17,"column":75}},"4":{"start":{"line":20,"column":2},"end":{"line":34,"column":3}},"5":{"start":{"line":21,"column":4},"end":{"line":21,"column":46}},"6":{"start":{"line":22,"column":9},"end":{"line":34,"column":3}},"7":{"start":{"line":23,"column":4},"end":{"line":23,"column":46}},"8":{"start":{"line":24,"column":9},"end":{"line":34,"column":3}},"9":{"start":{"line":25,"column":4},"end":{"line":25,"column":46}},"10":{"start":{"line":26,"column":9},"end":{"line":34,"column":3}},"11":{"start":{"line":27,"column":4},"end":{"line":27,"column":46}},"12":{"start":{"line":28,"column":9},"end":{"line":34,"column":3}},"13":{"start":{"line":29,"column":4},"end":{"line":29,"column":46}},"14":{"start":{"line":30,"column":9},"end":{"line":34,"column":3}},"15":{"start":{"line":31,"column":4},"end":{"line":31,"column":46}},"16":{"start":{"line":32,"column":9},"end":{"line":34,"column":3}},"17":{"start":{"line":33,"column":4},"end":{"line":33,"column":46}},"18":{"start":{"line":35,"column":2},"end":{"line":35,"column":57}},"19":{"start":{"line":47,"column":2},"end":{"line":49,"column":3}},"20":{"start":{"line":48,"column":4},"end":{"line":48,"column":58}},"21":{"start":{"line":50,"column":2},"end":{"line":52,"column":3}},"22":{"start":{"line":51,"column":4},"end":{"line":51,"column":67}},"23":{"start":{"line":53,"column":2},"end":{"line":55,"column":3}},"24":{"start":{"line":54,"column":4},"end":{"line":54,"column":17}},"25":{"start":{"line":56,"column":2},"end":{"line":56,"column":27}},"26":{"start":{"line":66,"column":2},"end":{"line":68,"column":3}},"27":{"start":{"line":67,"column":4},"end":{"line":67,"column":63}},"28":{"start":{"line":69,"column":2},"end":{"line":71,"column":3}},"29":{"start":{"line":70,"column":4},"end":{"line":70,"column":75}},"30":{"start":{"line":72,"column":2},"end":{"line":84,"column":3}},"31":{"start":{"line":73,"column":4},"end":{"line":73,"column":15}},"32":{"start":{"line":74,"column":9},"end":{"line":84,"column":3}},"33":{"start":{"line":75,"column":4},"end":{"line":75,"column":48}},"34":{"start":{"line":76,"column":9},"end":{"line":84,"column":3}},"35":{"start":{"line":77,"column":4},"end":{"line":77,"column":48}},"36":{"start":{"line":78,"column":9},"end":{"line":84,"column":3}},"37":{"start":{"line":79,"column":4},"end":{"line":79,"column":48}},"38":{"start":{"line":80,"column":9},"end":{"line":84,"column":3}},"39":{"start":{"line":81,"column":4},"end":{"line":81,"column":48}},"40":{"start":{"line":82,"column":9},"end":{"line":84,"column":3}},"41":{"start":{"line":83,"column":4},"end":{"line":83,"column":48}},"42":{"start":{"line":93,"column":2},"end":{"line":95,"column":3}},"43":{"start":{"line":94,"column":4},"end":{"line":94,"column":63}},"44":{"start":{"line":96,"column":2},"end":{"line":124,"column":3}},"45":{"start":{"line":97,"column":4},"end":{"line":97,"column":15}},"46":{"start":{"line":98,"column":9},"end":{"line":124,"column":3}},"47":{"start":{"line":99,"column":4},"end":{"line":99,"column":13}},"48":{"start":{"line":100,"column":9},"end":{"line":124,"column":3}},"49":{"start":{"line":101,"column":4},"end":{"line":101,"column":13}},"50":{"start":{"line":102,"column":9},"end":{"line":124,"column":3}},"51":{"start":{"line":103,"column":4},"end":{"line":103,"column":13}},"52":{"start":{"line":104,"column":9},"end":{"line":124,"column":3}},"53":{"start":{"line":105,"column":4},"end":{"line":105,"column":13}},"54":{"start":{"line":106,"column":9},"end":{"line":124,"column":3}},"55":{"start":{"line":107,"column":4},"end":{"line":107,"column":13}},"56":{"start":{"line":108,"column":9},"end":{"line":124,"column":3}},"57":{"start":{"line":109,"column":4},"end":{"line":109,"column":13}},"58":{"start":{"line":110,"column":9},"end":{"line":124,"column":3}},"59":{"start":{"line":111,"column":4},"end":{"line":111,"column":13}},"60":{"start":{"line":112,"column":9},"end":{"line":124,"column":3}},"61":{"start":{"line":113,"column":4},"end":{"line":113,"column":13}},"62":{"start":{"line":114,"column":9},"end":{"line":124,"column":3}},"63":{"start":{"line":115,"column":4},"end":{"line":115,"column":13}},"64":{"start":{"line":116,"column":9},"end":{"line":124,"column":3}},"65":{"start":{"line":117,"column":4},"end":{"line":117,"column":14}},"66":{"start":{"line":118,"column":9},"end":{"line":124,"column":3}},"67":{"start":{"line":119,"column":4},"end":{"line":119,"column":14}},"68":{"start":{"line":120,"column":9},"end":{"line":124,"column":3}},"69":{"start":{"line":121,"column":4},"end":{"line":121,"column":14}},"70":{"start":{"line":122,"column":9},"end":{"line":124,"column":3}},"71":{"start":{"line":123,"column":4},"end":{"line":123,"column":14}},"72":{"start":{"line":127,"column":0},"end":{"line":132,"column":2}}},"fnMap":{"0":{"name":"Flesch","decl":{"start":{"line":12,"column":9},"end":{"line":12,"column":15}},"loc":{"start":{"line":12,"column":29},"end":{"line":36,"column":1}},"line":12},"1":{"name":"SMOG","decl":{"start":{"line":46,"column":9},"end":{"line":46,"column":13}},"loc":{"start":{"line":46,"column":43},"end":{"line":57,"column":1}},"line":46},"2":{"name":"LIX","decl":{"start":{"line":65,"column":9},"end":{"line":65,"column":12}},"loc":{"start":{"line":65,"column":26},"end":{"line":85,"column":1}},"line":65},"3":{"name":"RIX","decl":{"start":{"line":92,"column":9},"end":{"line":92,"column":12}},"loc":{"start":{"line":92,"column":16},"end":{"line":125,"column":1}},"line":92}},"branchMap":{"0":{"loc":{"start":{"line":13,"column":2},"end":{"line":15,"column":3}},"type":"if","locations":[{"start":{"line":13,"column":2},"end":{"line":15,"column":3}},{"start":{"line":13,"column":2},"end":{"line":15,"column":3}}],"line":13},"1":{"loc":{"start":{"line":13,"column":6},"end":{"line":13,"column":35}},"type":"binary-expr","locations":[{"start":{"line":13,"column":6},"end":{"line":13,"column":26}},{"start":{"line":13,"column":30},"end":{"line":13,"column":35}}],"line":13},"2":{"loc":{"start":{"line":16,"column":2},"end":{"line":18,"column":3}},"type":"if","locations":[{"start":{"line":16,"column":2},"end":{"line":18,"column":3}},{"start":{"line":16,"column":2},"end":{"line":18,"column":3}}],"line":16},"3":{"loc":{"start":{"line":16,"column":6},"end":{"line":16,"column":69}},"type":"binary-expr","locations":[{"start":{"line":16,"column":6},"end":{"line":16,"column":33}},{"start":{"line":16,"column":37},"end":{"line":16,"column":69}}],"line":16},"4":{"loc":{"start":{"line":20,"column":2},"end":{"line":34,"column":3}},"type":"if","locations":[{"start":{"line":20,"column":2},"end":{"line":34,"column":3}},{"start":{"line":20,"column":2},"end":{"line":34,"column":3}}],"line":20},"5":{"loc":{"start":{"line":22,"column":9},"end":{"line":34,"column":3}},"type":"if","locations":[{"start":{"line":22,"column":9},"end":{"line":34,"column":3}},{"start":{"line":22,"column":9},"end":{"line":34,"column":3}}],"line":22},"6":{"loc":{"start":{"line":22,"column":13},"end":{"line":22,"column":30}},"type":"binary-expr","locations":[{"start":{"line":22,"column":13},"end":{"line":22,"column":19}},{"start":{"line":22,"column":23},"end":{"line":22,"column":30}}],"line":22},"7":{"loc":{"start":{"line":24,"column":9},"end":{"line":34,"column":3}},"type":"if","locations":[{"start":{"line":24,"column":9},"end":{"line":34,"column":3}},{"start":{"line":24,"column":9},"end":{"line":34,"column":3}}],"line":24},"8":{"loc":{"start":{"line":24,"column":13},"end":{"line":24,"column":30}},"type":"binary-expr","locations":[{"start":{"line":24,"column":13},"end":{"line":24,"column":19}},{"start":{"line":24,"column":23},"end":{"line":24,"column":30}}],"line":24},"9":{"loc":{"start":{"line":26,"column":9},"end":{"line":34,"column":3}},"type":"if","locations":[{"start":{"line":26,"column":9},"end":{"line":34,"column":3}},{"start":{"line":26,"column":9},"end":{"line":34,"column":3}}],"line":26},"10":{"loc":{"start":{"line":26,"column":13},"end":{"line":26,"column":30}},"type":"binary-expr","locations":[{"start":{"line":26,"column":13},"end":{"line":26,"column":19}},{"start":{"line":26,"column":23},"end":{"line":26,"column":30}}],"line":26},"11":{"loc":{"start":{"line":28,"column":9},"end":{"line":34,"column":3}},"type":"if","locations":[{"start":{"line":28,"column":9},"end":{"line":34,"column":3}},{"start":{"line":28,"column":9},"end":{"line":34,"column":3}}],"line":28},"12":{"loc":{"start":{"line":28,"column":13},"end":{"line":28,"column":30}},"type":"binary-expr","locations":[{"start":{"line":28,"column":13},"end":{"line":28,"column":19}},{"start":{"line":28,"column":23},"end":{"line":28,"column":30}}],"line":28},"13":{"loc":{"start":{"line":30,"column":9},"end":{"line":34,"column":3}},"type":"if","locations":[{"start":{"line":30,"column":9},"end":{"line":34,"column":3}},{"start":{"line":30,"column":9},"end":{"line":34,"column":3}}],"line":30},"14":{"loc":{"start":{"line":30,"column":13},"end":{"line":30,"column":30}},"type":"binary-expr","locations":[{"start":{"line":30,"column":13},"end":{"line":30,"column":19}},{"start":{"line":30,"column":23},"end":{"line":30,"column":30}}],"line":30},"15":{"loc":{"start":{"line":32,"column":9},"end":{"line":34,"column":3}},"type":"if","locations":[{"start":{"line":32,"column":9},"end":{"line":34,"column":3}},{"start":{"line":32,"column":9},"end":{"line":34,"column":3}}],"line":32},"16":{"loc":{"start":{"line":46,"column":24},"end":{"line":46,"column":41}},"type":"default-arg","locations":[{"start":{"line":46,"column":40},"end":{"line":46,"column":41}}],"line":46},"17":{"loc":{"start":{"line":47,"column":2},"end":{"line":49,"column":3}},"type":"if","locations":[{"start":{"line":47,"column":2},"end":{"line":49,"column":3}},{"start":{"line":47,"column":2},"end":{"line":49,"column":3}}],"line":47},"18":{"loc":{"start":{"line":50,"column":2},"end":{"line":52,"column":3}},"type":"if","locations":[{"start":{"line":50,"column":2},"end":{"line":52,"column":3}},{"start":{"line":50,"column":2},"end":{"line":52,"column":3}}],"line":50},"19":{"loc":{"start":{"line":50,"column":6},"end":{"line":50,"column":43}},"type":"binary-expr","locations":[{"start":{"line":50,"column":6},"end":{"line":50,"column":30}},{"start":{"line":50,"column":34},"end":{"line":50,"column":43}}],"line":50},"20":{"loc":{"start":{"line":53,"column":2},"end":{"line":55,"column":3}},"type":"if","locations":[{"start":{"line":53,"column":2},"end":{"line":55,"column":3}},{"start":{"line":53,"column":2},"end":{"line":55,"column":3}}],"line":53},"21":{"loc":{"start":{"line":66,"column":2},"end":{"line":68,"column":3}},"type":"if","locations":[{"start":{"line":66,"column":2},"end":{"line":68,"column":3}},{"start":{"line":66,"column":2},"end":{"line":68,"column":3}}],"line":66},"22":{"loc":{"start":{"line":66,"column":6},"end":{"line":66,"column":35}},"type":"binary-expr","locations":[{"start":{"line":66,"column":6},"end":{"line":66,"column":26}},{"start":{"line":66,"column":30},"end":{"line":66,"column":35}}],"line":66},"23":{"loc":{"start":{"line":69,"column":2},"end":{"line":71,"column":3}},"type":"if","locations":[{"start":{"line":69,"column":2},"end":{"line":71,"column":3}},{"start":{"line":69,"column":2},"end":{"line":71,"column":3}}],"line":69},"24":{"loc":{"start":{"line":69,"column":6},"end":{"line":69,"column":69}},"type":"binary-expr","locations":[{"start":{"line":69,"column":6},"end":{"line":69,"column":33}},{"start":{"line":69,"column":37},"end":{"line":69,"column":69}}],"line":69},"25":{"loc":{"start":{"line":72,"column":2},"end":{"line":84,"column":3}},"type":"if","locations":[{"start":{"line":72,"column":2},"end":{"line":84,"column":3}},{"start":{"line":72,"column":2},"end":{"line":84,"column":3}}],"line":72},"26":{"loc":{"start":{"line":74,"column":9},"end":{"line":84,"column":3}},"type":"if","locations":[{"start":{"line":74,"column":9},"end":{"line":84,"column":3}},{"start":{"line":74,"column":9},"end":{"line":84,"column":3}}],"line":74},"27":{"loc":{"start":{"line":76,"column":9},"end":{"line":84,"column":3}},"type":"if","locations":[{"start":{"line":76,"column":9},"end":{"line":84,"column":3}},{"start":{"line":76,"column":9},"end":{"line":84,"column":3}}],"line":76},"28":{"loc":{"start":{"line":76,"column":13},"end":{"line":76,"column":30}},"type":"binary-expr","locations":[{"start":{"line":76,"column":13},"end":{"line":76,"column":20}},{"start":{"line":76,"column":24},"end":{"line":76,"column":30}}],"line":76},"29":{"loc":{"start":{"line":78,"column":9},"end":{"line":84,"column":3}},"type":"if","locations":[{"start":{"line":78,"column":9},"end":{"line":84,"column":3}},{"start":{"line":78,"column":9},"end":{"line":84,"column":3}}],"line":78},"30":{"loc":{"start":{"line":78,"column":13},"end":{"line":78,"column":30}},"type":"binary-expr","locations":[{"start":{"line":78,"column":13},"end":{"line":78,"column":20}},{"start":{"line":78,"column":24},"end":{"line":78,"column":30}}],"line":78},"31":{"loc":{"start":{"line":80,"column":9},"end":{"line":84,"column":3}},"type":"if","locations":[{"start":{"line":80,"column":9},"end":{"line":84,"column":3}},{"start":{"line":80,"column":9},"end":{"line":84,"column":3}}],"line":80},"32":{"loc":{"start":{"line":80,"column":13},"end":{"line":80,"column":30}},"type":"binary-expr","locations":[{"start":{"line":80,"column":13},"end":{"line":80,"column":20}},{"start":{"line":80,"column":24},"end":{"line":80,"column":30}}],"line":80},"33":{"loc":{"start":{"line":82,"column":9},"end":{"line":84,"column":3}},"type":"if","locations":[{"start":{"line":82,"column":9},"end":{"line":84,"column":3}},{"start":{"line":82,"column":9},"end":{"line":84,"column":3}}],"line":82},"34":{"loc":{"start":{"line":93,"column":2},"end":{"line":95,"column":3}},"type":"if","locations":[{"start":{"line":93,"column":2},"end":{"line":95,"column":3}},{"start":{"line":93,"column":2},"end":{"line":95,"column":3}}],"line":93},"35":{"loc":{"start":{"line":93,"column":6},"end":{"line":93,"column":35}},"type":"binary-expr","locations":[{"start":{"line":93,"column":6},"end":{"line":93,"column":26}},{"start":{"line":93,"column":30},"end":{"line":93,"column":35}}],"line":93},"36":{"loc":{"start":{"line":96,"column":2},"end":{"line":124,"column":3}},"type":"if","locations":[{"start":{"line":96,"column":2},"end":{"line":124,"column":3}},{"start":{"line":96,"column":2},"end":{"line":124,"column":3}}],"line":96},"37":{"loc":{"start":{"line":98,"column":9},"end":{"line":124,"column":3}},"type":"if","locations":[{"start":{"line":98,"column":9},"end":{"line":124,"column":3}},{"start":{"line":98,"column":9},"end":{"line":124,"column":3}}],"line":98},"38":{"loc":{"start":{"line":100,"column":9},"end":{"line":124,"column":3}},"type":"if","locations":[{"start":{"line":100,"column":9},"end":{"line":124,"column":3}},{"start":{"line":100,"column":9},"end":{"line":124,"column":3}}],"line":100},"39":{"loc":{"start":{"line":100,"column":13},"end":{"line":100,"column":32}},"type":"binary-expr","locations":[{"start":{"line":100,"column":13},"end":{"line":100,"column":21}},{"start":{"line":100,"column":25},"end":{"line":100,"column":32}}],"line":100},"40":{"loc":{"start":{"line":102,"column":9},"end":{"line":124,"column":3}},"type":"if","locations":[{"start":{"line":102,"column":9},"end":{"line":124,"column":3}},{"start":{"line":102,"column":9},"end":{"line":124,"column":3}}],"line":102},"41":{"loc":{"start":{"line":102,"column":13},"end":{"line":102,"column":32}},"type":"binary-expr","locations":[{"start":{"line":102,"column":13},"end":{"line":102,"column":21}},{"start":{"line":102,"column":25},"end":{"line":102,"column":32}}],"line":102},"42":{"loc":{"start":{"line":104,"column":9},"end":{"line":124,"column":3}},"type":"if","locations":[{"start":{"line":104,"column":9},"end":{"line":124,"column":3}},{"start":{"line":104,"column":9},"end":{"line":124,"column":3}}],"line":104},"43":{"loc":{"start":{"line":104,"column":13},"end":{"line":104,"column":32}},"type":"binary-expr","locations":[{"start":{"line":104,"column":13},"end":{"line":104,"column":21}},{"start":{"line":104,"column":25},"end":{"line":104,"column":32}}],"line":104},"44":{"loc":{"start":{"line":106,"column":9},"end":{"line":124,"column":3}},"type":"if","locations":[{"start":{"line":106,"column":9},"end":{"line":124,"column":3}},{"start":{"line":106,"column":9},"end":{"line":124,"column":3}}],"line":106},"45":{"loc":{"start":{"line":106,"column":13},"end":{"line":106,"column":32}},"type":"binary-expr","locations":[{"start":{"line":106,"column":13},"end":{"line":106,"column":21}},{"start":{"line":106,"column":25},"end":{"line":106,"column":32}}],"line":106},"46":{"loc":{"start":{"line":108,"column":9},"end":{"line":124,"column":3}},"type":"if","locations":[{"start":{"line":108,"column":9},"end":{"line":124,"column":3}},{"start":{"line":108,"column":9},"end":{"line":124,"column":3}}],"line":108},"47":{"loc":{"start":{"line":108,"column":13},"end":{"line":108,"column":32}},"type":"binary-expr","locations":[{"start":{"line":108,"column":13},"end":{"line":108,"column":21}},{"start":{"line":108,"column":25},"end":{"line":108,"column":32}}],"line":108},"48":{"loc":{"start":{"line":110,"column":9},"end":{"line":124,"column":3}},"type":"if","locations":[{"start":{"line":110,"column":9},"end":{"line":124,"column":3}},{"start":{"line":110,"column":9},"end":{"line":124,"column":3}}],"line":110},"49":{"loc":{"start":{"line":110,"column":13},"end":{"line":110,"column":32}},"type":"binary-expr","locations":[{"start":{"line":110,"column":13},"end":{"line":110,"column":21}},{"start":{"line":110,"column":25},"end":{"line":110,"column":32}}],"line":110},"50":{"loc":{"start":{"line":112,"column":9},"end":{"line":124,"column":3}},"type":"if","locations":[{"start":{"line":112,"column":9},"end":{"line":124,"column":3}},{"start":{"line":112,"column":9},"end":{"line":124,"column":3}}],"line":112},"51":{"loc":{"start":{"line":112,"column":13},"end":{"line":112,"column":32}},"type":"binary-expr","locations":[{"start":{"line":112,"column":13},"end":{"line":112,"column":21}},{"start":{"line":112,"column":25},"end":{"line":112,"column":32}}],"line":112},"52":{"loc":{"start":{"line":114,"column":9},"end":{"line":124,"column":3}},"type":"if","locations":[{"start":{"line":114,"column":9},"end":{"line":124,"column":3}},{"start":{"line":114,"column":9},"end":{"line":124,"column":3}}],"line":114},"53":{"loc":{"start":{"line":114,"column":13},"end":{"line":114,"column":32}},"type":"binary-expr","locations":[{"start":{"line":114,"column":13},"end":{"line":114,"column":21}},{"start":{"line":114,"column":25},"end":{"line":114,"column":32}}],"line":114},"54":{"loc":{"start":{"line":116,"column":9},"end":{"line":124,"column":3}},"type":"if","locations":[{"start":{"line":116,"column":9},"end":{"line":124,"column":3}},{"start":{"line":116,"column":9},"end":{"line":124,"column":3}}],"line":116},"55":{"loc":{"start":{"line":116,"column":13},"end":{"line":116,"column":32}},"type":"binary-expr","locations":[{"start":{"line":116,"column":13},"end":{"line":116,"column":21}},{"start":{"line":116,"column":25},"end":{"line":116,"column":32}}],"line":116},"56":{"loc":{"start":{"line":118,"column":9},"end":{"line":124,"column":3}},"type":"if","locations":[{"start":{"line":118,"column":9},"end":{"line":124,"column":3}},{"start":{"line":118,"column":9},"end":{"line":124,"column":3}}],"line":118},"57":{"loc":{"start":{"line":118,"column":13},"end":{"line":118,"column":32}},"type":"binary-expr","locations":[{"start":{"line":118,"column":13},"end":{"line":118,"column":21}},{"start":{"line":118,"column":25},"end":{"line":118,"column":32}}],"line":118},"58":{"loc":{"start":{"line":120,"column":9},"end":{"line":124,"column":3}},"type":"if","locations":[{"start":{"line":120,"column":9},"end":{"line":124,"column":3}},{"start":{"line":120,"column":9},"end":{"line":124,"column":3}}],"line":120},"59":{"loc":{"start":{"line":120,"column":13},"end":{"line":120,"column":32}},"type":"binary-expr","locations":[{"start":{"line":120,"column":13},"end":{"line":120,"column":21}},{"start":{"line":120,"column":25},"end":{"line":120,"column":32}}],"line":120},"60":{"loc":{"start":{"line":122,"column":9},"end":{"line":124,"column":3}},"type":"if","locations":[{"start":{"line":122,"column":9},"end":{"line":124,"column":3}},{"start":{"line":122,"column":9},"end":{"line":124,"column":3}}],"line":122}},"s":{"0":2,"1":0,"2":2,"3":0,"4":2,"5":0,"6":2,"7":0,"8":2,"9":0,"10":2,"11":0,"12":2,"13":0,"14":2,"15":0,"16":2,"17":2,"18":2,"19":2,"20":0,"21":2,"22":0,"23":2,"24":0,"25":2,"26":2,"27":0,"28":2,"29":0,"30":2,"31":0,"32":2,"33":2,"34":0,"35":0,"36":0,"37":0,"38":0,"39":0,"40":0,"41":0,"42":2,"43":0,"44":2,"45":0,"46":2,"47":0,"48":2,"49":0,"50":2,"51":0,"52":2,"53":0,"54":2,"55":2,"56":0,"57":0,"58":0,"59":0,"60":0,"61":0,"62":0,"63":0,"64":0,"65":0,"66":0,"67":0,"68":0,"69":0,"70":0,"71":0,"72":6},"f":{"0":2,"1":2,"2":2,"3":2},"b":{"0":[0,2],"1":[2,2],"2":[0,2],"3":[2,2],"4":[0,2],"5":[0,2],"6":[2,2],"7":[0,2],"8":[2,2],"9":[0,2],"10":[2,2],"11":[0,2],"12":[2,2],"13":[0,2],"14":[2,2],"15":[2,0],"16":[0],"17":[0,2],"18":[0,2],"19":[2,2],"20":[0,2],"21":[0,2],"22":[2,2],"23":[0,2],"24":[2,2],"25":[0,2],"26":[2,0],"27":[0,0],"28":[0,0],"29":[0,0],"30":[0,0],"31":[0,0],"32":[0,0],"33":[0,0],"34":[0,2],"35":[2,2],"36":[0,2],"37":[0,2],"38":[0,2],"39":[2,2],"40":[0,2],"41":[2,2],"42":[0,2],"43":[2,2],"44":[2,0],"45":[2,2],"46":[0,0],"47":[0,0],"48":[0,0],"49":[0,0],"50":[0,0],"51":[0,0],"52":[0,0],"53":[0,0],"54":[0,0],"55":[0,0],"56":[0,0],"57":[0,0],"58":[0,0],"59":[0,0],"60":[0,0]},"_coverageSchema":"43e27e138ebf9cfc5966b082cf9a028302ed4184","hash":"3324f3b3d295687c24fd9b86b263fdbecc88b0a5"}
,"C:\\Users\\Ole\\npm\\localized-readability\\src\\parser.js": {"path":"C:\\Users\\Ole\\npm\\localized-readability\\src\\parser.js","statementMap":{"0":{"start":{"line":6,"column":14},"end":{"line":6,"column":30}},"1":{"start":{"line":7,"column":11},"end":{"line":7,"column":28}},"2":{"start":{"line":8,"column":10},"end":{"line":8,"column":32}},"3":{"start":{"line":9,"column":17},"end":{"line":9,"column":47}},"4":{"start":{"line":10,"column":18},"end":{"line":10,"column":44}},"5":{"start":{"line":11,"column":14},"end":{"line":11,"column":52}},"6":{"start":{"line":12,"column":25},"end":{"line":12,"column":57}},"7":{"start":{"line":13,"column":18},"end":{"line":13,"column":43}},"8":{"start":{"line":14,"column":16},"end":{"line":14,"column":39}},"9":{"start":{"line":15,"column":16},"end":{"line":15,"column":39}},"10":{"start":{"line":16,"column":12},"end":{"line":16,"column":34}},"11":{"start":{"line":17,"column":14},"end":{"line":17,"column":39}},"12":{"start":{"line":18,"column":14},"end":{"line":18,"column":36}},"13":{"start":{"line":28,"column":2},"end":{"line":30,"column":3}},"14":{"start":{"line":29,"column":4},"end":{"line":29,"column":72}},"15":{"start":{"line":31,"column":2},"end":{"line":40,"column":3}},"16":{"start":{"line":32,"column":15},"end":{"line":32,"column":36}},"17":{"start":{"line":33,"column":16},"end":{"line":33,"column":55}},"18":{"start":{"line":34,"column":22},"end":{"line":34,"column":42}},"19":{"start":{"line":35,"column":20},"end":{"line":35,"column":48}},"20":{"start":{"line":36,"column":24},"end":{"line":36,"column":56}},"21":{"start":{"line":37,"column":20},"end":{"line":37,"column":73}},"22":{"start":{"line":39,"column":4},"end":{"line":39,"column":27}},"23":{"start":{"line":41,"column":2},"end":{"line":48,"column":4}},"24":{"start":{"line":56,"column":2},"end":{"line":58,"column":3}},"25":{"start":{"line":57,"column":4},"end":{"line":57,"column":71}},"26":{"start":{"line":59,"column":2},"end":{"line":74,"column":4}},"27":{"start":{"line":68,"column":6},"end":{"line":68,"column":35}},"28":{"start":{"line":84,"column":2},"end":{"line":86,"column":3}},"29":{"start":{"line":85,"column":4},"end":{"line":85,"column":48}},"30":{"start":{"line":87,"column":2},"end":{"line":89,"column":3}},"31":{"start":{"line":88,"column":4},"end":{"line":88,"column":47}},"32":{"start":{"line":90,"column":2},"end":{"line":145,"column":4}},"33":{"start":{"line":156,"column":2},"end":{"line":158,"column":3}},"34":{"start":{"line":157,"column":4},"end":{"line":157,"column":72}},"35":{"start":{"line":159,"column":2},"end":{"line":161,"column":3}},"36":{"start":{"line":160,"column":4},"end":{"line":160,"column":72}},"37":{"start":{"line":162,"column":2},"end":{"line":164,"column":3}},"38":{"start":{"line":163,"column":4},"end":{"line":163,"column":78}},"39":{"start":{"line":165,"column":24},"end":{"line":165,"column":59}},"40":{"start":{"line":166,"column":2},"end":{"line":188,"column":4}},"41":{"start":{"line":197,"column":2},"end":{"line":204,"column":3}},"42":{"start":{"line":201,"column":4},"end":{"line":203,"column":6}},"43":{"start":{"line":205,"column":2},"end":{"line":219,"column":4}},"44":{"start":{"line":222,"column":0},"end":{"line":228,"column":2}}},"fnMap":{"0":{"name":"setup","decl":{"start":{"line":27,"column":9},"end":{"line":27,"column":14}},"loc":{"start":{"line":27,"column":40},"end":{"line":49,"column":1}},"line":27},"1":{"name":"count","decl":{"start":{"line":55,"column":9},"end":{"line":55,"column":14}},"loc":{"start":{"line":55,"column":21},"end":{"line":75,"column":1}},"line":55},"2":{"name":"(anonymous_2)","decl":{"start":{"line":67,"column":37},"end":{"line":67,"column":38}},"loc":{"start":{"line":67,"column":52},"end":{"line":69,"column":5}},"line":67},"3":{"name":"statistics","decl":{"start":{"line":83,"column":9},"end":{"line":83,"column":19}},"loc":{"start":{"line":83,"column":33},"end":{"line":146,"column":1}},"line":83},"4":{"name":"interpretations","decl":{"start":{"line":155,"column":9},"end":{"line":155,"column":24}},"loc":{"start":{"line":155,"column":52},"end":{"line":189,"column":1}},"line":155},"5":{"name":"consensus","decl":{"start":{"line":196,"column":9},"end":{"line":196,"column":18}},"loc":{"start":{"line":196,"column":36},"end":{"line":220,"column":1}},"line":196}},"branchMap":{"0":{"loc":{"start":{"line":28,"column":2},"end":{"line":30,"column":3}},"type":"if","locations":[{"start":{"line":28,"column":2},"end":{"line":30,"column":3}},{"start":{"line":28,"column":2},"end":{"line":30,"column":3}}],"line":28},"1":{"loc":{"start":{"line":28,"column":6},"end":{"line":28,"column":50}},"type":"binary-expr","locations":[{"start":{"line":28,"column":6},"end":{"line":28,"column":30}},{"start":{"line":28,"column":34},"end":{"line":28,"column":50}}],"line":28},"2":{"loc":{"start":{"line":56,"column":2},"end":{"line":58,"column":3}},"type":"if","locations":[{"start":{"line":56,"column":2},"end":{"line":58,"column":3}},{"start":{"line":56,"column":2},"end":{"line":58,"column":3}}],"line":56},"3":{"loc":{"start":{"line":56,"column":6},"end":{"line":56,"column":61}},"type":"binary-expr","locations":[{"start":{"line":56,"column":6},"end":{"line":56,"column":29}},{"start":{"line":56,"column":33},"end":{"line":56,"column":61}}],"line":56},"4":{"loc":{"start":{"line":84,"column":2},"end":{"line":86,"column":3}},"type":"if","locations":[{"start":{"line":84,"column":2},"end":{"line":86,"column":3}},{"start":{"line":84,"column":2},"end":{"line":86,"column":3}}],"line":84},"5":{"loc":{"start":{"line":84,"column":6},"end":{"line":84,"column":63}},"type":"binary-expr","locations":[{"start":{"line":84,"column":6},"end":{"line":84,"column":30}},{"start":{"line":84,"column":34},"end":{"line":84,"column":63}}],"line":84},"6":{"loc":{"start":{"line":87,"column":2},"end":{"line":89,"column":3}},"type":"if","locations":[{"start":{"line":87,"column":2},"end":{"line":89,"column":3}},{"start":{"line":87,"column":2},"end":{"line":89,"column":3}}],"line":87},"7":{"loc":{"start":{"line":87,"column":6},"end":{"line":87,"column":48}},"type":"binary-expr","locations":[{"start":{"line":87,"column":6},"end":{"line":87,"column":29}},{"start":{"line":87,"column":33},"end":{"line":87,"column":48}}],"line":87},"8":{"loc":{"start":{"line":156,"column":2},"end":{"line":158,"column":3}},"type":"if","locations":[{"start":{"line":156,"column":2},"end":{"line":158,"column":3}},{"start":{"line":156,"column":2},"end":{"line":158,"column":3}}],"line":156},"9":{"loc":{"start":{"line":156,"column":6},"end":{"line":156,"column":63}},"type":"binary-expr","locations":[{"start":{"line":156,"column":6},"end":{"line":156,"column":30}},{"start":{"line":156,"column":34},"end":{"line":156,"column":63}}],"line":156},"10":{"loc":{"start":{"line":159,"column":2},"end":{"line":161,"column":3}},"type":"if","locations":[{"start":{"line":159,"column":2},"end":{"line":161,"column":3}},{"start":{"line":159,"column":2},"end":{"line":161,"column":3}}],"line":159},"11":{"loc":{"start":{"line":159,"column":6},"end":{"line":159,"column":63}},"type":"binary-expr","locations":[{"start":{"line":159,"column":6},"end":{"line":159,"column":30}},{"start":{"line":159,"column":34},"end":{"line":159,"column":63}}],"line":159},"12":{"loc":{"start":{"line":162,"column":2},"end":{"line":164,"column":3}},"type":"if","locations":[{"start":{"line":162,"column":2},"end":{"line":164,"column":3}},{"start":{"line":162,"column":2},"end":{"line":164,"column":3}}],"line":162},"13":{"loc":{"start":{"line":162,"column":6},"end":{"line":162,"column":75}},"type":"binary-expr","locations":[{"start":{"line":162,"column":6},"end":{"line":162,"column":36}},{"start":{"line":162,"column":40},"end":{"line":162,"column":75}}],"line":162},"14":{"loc":{"start":{"line":197,"column":2},"end":{"line":204,"column":3}},"type":"if","locations":[{"start":{"line":197,"column":2},"end":{"line":204,"column":3}},{"start":{"line":197,"column":2},"end":{"line":204,"column":3}}],"line":197},"15":{"loc":{"start":{"line":198,"column":4},"end":{"line":199,"column":43}},"type":"binary-expr","locations":[{"start":{"line":198,"column":4},"end":{"line":198,"column":38}},{"start":{"line":199,"column":4},"end":{"line":199,"column":43}}],"line":198}},"s":{"0":6,"1":6,"2":6,"3":6,"4":6,"5":6,"6":6,"7":6,"8":6,"9":6,"10":6,"11":6,"12":6,"13":6,"14":0,"15":6,"16":6,"17":6,"18":6,"19":6,"20":6,"21":6,"22":0,"23":6,"24":4,"25":0,"26":4,"27":1164,"28":3,"29":0,"30":3,"31":0,"32":3,"33":2,"34":0,"35":2,"36":0,"37":2,"38":0,"39":2,"40":2,"41":1,"42":0,"43":1,"44":6},"f":{"0":6,"1":4,"2":1164,"3":3,"4":2,"5":1},"b":{"0":[0,6],"1":[6,6],"2":[0,4],"3":[4,4],"4":[0,3],"5":[3,3],"6":[0,3],"7":[3,3],"8":[0,2],"9":[2,2],"10":[0,2],"11":[2,2],"12":[0,2],"13":[2,2],"14":[0,1],"15":[1,1]},"_coverageSchema":"43e27e138ebf9cfc5966b082cf9a028302ed4184","hash":"aca5953ab675e81a592a46262fd56eb0c0174494"}
,"C:\\Users\\Ole\\npm\\localized-readability\\src\\utilities.js": {"path":"C:\\Users\\Ole\\npm\\localized-readability\\src\\utilities.js","statementMap":{"0":{"start":{"line":14,"column":2},"end":{"line":16,"column":3}},"1":{"start":{"line":15,"column":4},"end":{"line":15,"column":76}},"2":{"start":{"line":17,"column":2},"end":{"line":32,"column":3}},"3":{"start":{"line":18,"column":19},"end":{"line":18,"column":39}},"4":{"start":{"line":19,"column":20},"end":{"line":19,"column":21}},"5":{"start":{"line":20,"column":28},"end":{"line":20,"column":30}},"6":{"start":{"line":21,"column":4},"end":{"line":29,"column":5}},"7":{"start":{"line":21,"column":17},"end":{"line":21,"column":18}},"8":{"start":{"line":22,"column":6},"end":{"line":28,"column":7}},"9":{"start":{"line":23,"column":24},"end":{"line":23,"column":60}},"10":{"start":{"line":24,"column":8},"end":{"line":26,"column":9}},"11":{"start":{"line":25,"column":10},"end":{"line":25,"column":53}},"12":{"start":{"line":27,"column":8},"end":{"line":27,"column":36}},"13":{"start":{"line":31,"column":4},"end":{"line":31,"column":27}},"14":{"start":{"line":33,"column":2},"end":{"line":33,"column":79}},"15":{"start":{"line":43,"column":2},"end":{"line":45,"column":3}},"16":{"start":{"line":44,"column":4},"end":{"line":44,"column":70}},"17":{"start":{"line":46,"column":13},"end":{"line":46,"column":38}},"18":{"start":{"line":47,"column":15},"end":{"line":47,"column":40}},"19":{"start":{"line":48,"column":19},"end":{"line":48,"column":64}},"20":{"start":{"line":49,"column":2},"end":{"line":49,"column":36}},"21":{"start":{"line":58,"column":2},"end":{"line":60,"column":3}},"22":{"start":{"line":59,"column":4},"end":{"line":59,"column":70}},"23":{"start":{"line":61,"column":12},"end":{"line":61,"column":13}},"24":{"start":{"line":62,"column":2},"end":{"line":64,"column":3}},"25":{"start":{"line":62,"column":15},"end":{"line":62,"column":16}},"26":{"start":{"line":63,"column":4},"end":{"line":63,"column":33}},"27":{"start":{"line":65,"column":2},"end":{"line":65,"column":27}},"28":{"start":{"line":68,"column":0},"end":{"line":72,"column":2}}},"fnMap":{"0":{"name":"countSyllables","decl":{"start":{"line":13,"column":9},"end":{"line":13,"column":23}},"loc":{"start":{"line":13,"column":53},"end":{"line":34,"column":1}},"line":13},"1":{"name":"countPeriods","decl":{"start":{"line":42,"column":9},"end":{"line":42,"column":21}},"loc":{"start":{"line":42,"column":27},"end":{"line":50,"column":1}},"line":42},"2":{"name":"average","decl":{"start":{"line":57,"column":9},"end":{"line":57,"column":16}},"loc":{"start":{"line":57,"column":23},"end":{"line":66,"column":1}},"line":57}},"branchMap":{"0":{"loc":{"start":{"line":14,"column":2},"end":{"line":16,"column":3}},"type":"if","locations":[{"start":{"line":14,"column":2},"end":{"line":16,"column":3}},{"start":{"line":14,"column":2},"end":{"line":16,"column":3}}],"line":14},"1":{"loc":{"start":{"line":14,"column":6},"end":{"line":14,"column":71}},"type":"binary-expr","locations":[{"start":{"line":14,"column":6},"end":{"line":14,"column":34}},{"start":{"line":14,"column":38},"end":{"line":14,"column":71}}],"line":14},"2":{"loc":{"start":{"line":22,"column":6},"end":{"line":28,"column":7}},"type":"if","locations":[{"start":{"line":22,"column":6},"end":{"line":28,"column":7}},{"start":{"line":22,"column":6},"end":{"line":28,"column":7}}],"line":22},"3":{"loc":{"start":{"line":24,"column":8},"end":{"line":26,"column":9}},"type":"if","locations":[{"start":{"line":24,"column":8},"end":{"line":26,"column":9}},{"start":{"line":24,"column":8},"end":{"line":26,"column":9}}],"line":24},"4":{"loc":{"start":{"line":43,"column":2},"end":{"line":45,"column":3}},"type":"if","locations":[{"start":{"line":43,"column":2},"end":{"line":45,"column":3}},{"start":{"line":43,"column":2},"end":{"line":45,"column":3}}],"line":43},"5":{"loc":{"start":{"line":43,"column":6},"end":{"line":43,"column":46}},"type":"binary-expr","locations":[{"start":{"line":43,"column":6},"end":{"line":43,"column":28}},{"start":{"line":43,"column":32},"end":{"line":43,"column":46}}],"line":43},"6":{"loc":{"start":{"line":58,"column":2},"end":{"line":60,"column":3}},"type":"if","locations":[{"start":{"line":58,"column":2},"end":{"line":60,"column":3}},{"start":{"line":58,"column":2},"end":{"line":60,"column":3}}],"line":58},"7":{"loc":{"start":{"line":58,"column":6},"end":{"line":58,"column":61}},"type":"binary-expr","locations":[{"start":{"line":58,"column":6},"end":{"line":58,"column":29}},{"start":{"line":58,"column":33},"end":{"line":58,"column":61}}],"line":58}},"s":{"0":6,"1":0,"2":6,"3":6,"4":6,"5":6,"6":6,"7":6,"8":1746,"9":1266,"10":1266,"11":108,"12":1266,"13":0,"14":6,"15":4,"16":0,"17":4,"18":4,"19":4,"20":4,"21":2,"22":0,"23":2,"24":2,"25":2,"26":9,"27":2,"28":6},"f":{"0":6,"1":4,"2":2},"b":{"0":[0,6],"1":[6,6],"2":[1266,480],"3":[108,1158],"4":[0,4],"5":[4,4],"6":[0,2],"7":[2,2]},"_coverageSchema":"43e27e138ebf9cfc5966b082cf9a028302ed4184","hash":"48584257cb71582217a5c09ea633fe49d8e78930"}
}
