TN:
SF:C:\Users\Ole\GitHub\localized-readability\src\computors.js
FN:12,LIX
FN:25,RIX
FN:40,Flesch
FNF:3
FNH:3
FNDA:3,LIX
FNDA:3,RIX
FNDA:3,Flesch
DA:13,3
DA:14,0
DA:16,3
DA:26,3
DA:27,0
DA:29,3
DA:41,3
DA:42,0
DA:44,3
DA:45,3
DA:46,3
DA:48,0
DA:50,3
DA:52,0
DA:54,0
DA:56,0
DA:58,0
DA:62,6
LF:18
LH:10
BRDA:13,0,0,0
BRDA:13,0,1,3
BRDA:13,1,0,3
BRDA:13,1,1,3
BRDA:13,1,2,3
BRDA:13,1,3,3
BRDA:26,2,0,0
BRDA:26,2,1,3
BRDA:26,3,0,3
BRDA:26,3,1,3
BRDA:26,3,2,3
BRDA:41,4,0,0
BRDA:41,4,1,3
BRDA:41,5,0,3
BRDA:41,5,1,3
BRDA:41,5,2,3
BRDA:41,5,3,3
BRDA:46,6,0,0
BRDA:46,6,1,3
BRDA:46,6,2,0
BRDA:46,6,3,0
BRDA:46,6,4,0
BRDA:46,6,5,0
BRF:23
BRH:15
end_of_record
TN:
SF:C:\Users\Ole\GitHub\localized-readability\src\highlighter.js
FN:20,highlight
FN:27,(anonymous_1)
FN:53,(anonymous_2)
FN:84,stringify
FNF:4
FNH:4
FNDA:1,highlight
FNDA:1022,(anonymous_1)
FNDA:594,(anonymous_2)
FNDA:1,stringify
DA:6,1
DA:21,1
DA:22,0
DA:24,1
DA:25,0
DA:27,1
DA:28,1022
DA:29,1022
DA:30,0
DA:31,0
DA:32,0
DA:37,0
DA:38,0
DA:39,0
DA:40,0
DA:41,0
DA:42,0
DA:43,0
DA:44,0
DA:47,0
DA:51,0
DA:52,1022
DA:53,23
DA:54,594
DA:56,23
DA:57,1
DA:58,22
DA:59,1
DA:60,21
DA:61,0
DA:62,21
DA:63,0
DA:65,23
DA:69,23
DA:70,999
DA:71,10
DA:72,10
DA:74,1022
DA:76,1
DA:85,1
DA:86,0
DA:88,1
DA:89,1
DA:92,1
LF:44
LH:26
BRDA:20,0,0,0
BRDA:21,1,0,0
BRDA:21,1,1,1
BRDA:21,2,0,1
BRDA:21,2,1,1
BRDA:24,3,0,0
BRDA:24,3,1,1
BRDA:29,4,0,0
BRDA:29,4,1,1022
BRDA:29,5,0,1022
BRDA:29,5,1,0
BRDA:30,6,0,0
BRDA:30,6,1,0
BRDA:30,7,0,0
BRDA:30,7,1,0
BRDA:37,8,0,0
BRDA:37,8,1,0
BRDA:39,9,0,0
BRDA:39,9,1,0
BRDA:41,10,0,0
BRDA:41,10,1,0
BRDA:43,11,0,0
BRDA:43,11,1,0
BRDA:52,12,0,23
BRDA:52,12,1,999
BRDA:52,13,0,1022
BRDA:52,13,1,1022
BRDA:56,14,0,1
BRDA:56,14,1,22
BRDA:56,15,0,23
BRDA:56,15,1,2
BRDA:58,16,0,1
BRDA:58,16,1,21
BRDA:58,17,0,22
BRDA:58,17,1,1
BRDA:60,18,0,0
BRDA:60,18,1,21
BRDA:60,19,0,21
BRDA:60,19,1,0
BRDA:62,20,0,0
BRDA:62,20,1,21
BRDA:70,21,0,10
BRDA:70,21,1,989
BRDA:70,22,0,999
BRDA:70,22,1,999
BRDA:85,23,0,0
BRDA:85,23,1,1
BRDA:85,24,0,1
BRDA:85,24,1,1
BRF:49
BRH:28
end_of_record
TN:
SF:C:\Users\Ole\GitHub\localized-readability\src\interpretors.js
FN:12,Flesch
FN:46,SMOG
FN:65,LIX
FN:92,RIX
FNF:4
FNH:4
FNDA:2,Flesch
FNDA:2,SMOG
FNDA:2,LIX
FNDA:2,RIX
DA:13,2
DA:14,0
DA:16,2
DA:17,0
DA:20,2
DA:21,0
DA:22,2
DA:23,0
DA:24,2
DA:25,0
DA:26,2
DA:27,0
DA:28,2
DA:29,0
DA:30,2
DA:31,0
DA:32,2
DA:33,2
DA:35,2
DA:47,2
DA:48,0
DA:50,2
DA:51,0
DA:53,2
DA:54,0
DA:56,2
DA:66,2
DA:67,0
DA:69,2
DA:70,0
DA:72,2
DA:73,0
DA:74,2
DA:75,2
DA:76,0
DA:77,0
DA:78,0
DA:79,0
DA:80,0
DA:81,0
DA:82,0
DA:83,0
DA:93,2
DA:94,0
DA:96,2
DA:97,0
DA:98,2
DA:99,0
DA:100,2
DA:101,0
DA:102,2
DA:103,0
DA:104,2
DA:105,0
DA:106,2
DA:107,2
DA:108,0
DA:109,0
DA:110,0
DA:111,0
DA:112,0
DA:113,0
DA:114,0
DA:115,0
DA:116,0
DA:117,0
DA:118,0
DA:119,0
DA:120,0
DA:121,0
DA:122,0
DA:123,0
DA:127,6
LF:73
LH:29
BRDA:13,0,0,0
BRDA:13,0,1,2
BRDA:13,1,0,2
BRDA:13,1,1,2
BRDA:16,2,0,0
BRDA:16,2,1,2
BRDA:16,3,0,2
BRDA:16,3,1,2
BRDA:20,4,0,0
BRDA:20,4,1,2
BRDA:22,5,0,0
BRDA:22,5,1,2
BRDA:22,6,0,2
BRDA:22,6,1,2
BRDA:24,7,0,0
BRDA:24,7,1,2
BRDA:24,8,0,2
BRDA:24,8,1,2
BRDA:26,9,0,0
BRDA:26,9,1,2
BRDA:26,10,0,2
BRDA:26,10,1,2
BRDA:28,11,0,0
BRDA:28,11,1,2
BRDA:28,12,0,2
BRDA:28,12,1,2
BRDA:30,13,0,0
BRDA:30,13,1,2
BRDA:30,14,0,2
BRDA:30,14,1,2
BRDA:32,15,0,2
BRDA:32,15,1,0
BRDA:46,16,0,0
BRDA:47,17,0,0
BRDA:47,17,1,2
BRDA:50,18,0,0
BRDA:50,18,1,2
BRDA:50,19,0,2
BRDA:50,19,1,2
BRDA:53,20,0,0
BRDA:53,20,1,2
BRDA:66,21,0,0
BRDA:66,21,1,2
BRDA:66,22,0,2
BRDA:66,22,1,2
BRDA:69,23,0,0
BRDA:69,23,1,2
BRDA:69,24,0,2
BRDA:69,24,1,2
BRDA:72,25,0,0
BRDA:72,25,1,2
BRDA:74,26,0,2
BRDA:74,26,1,0
BRDA:76,27,0,0
BRDA:76,27,1,0
BRDA:76,28,0,0
BRDA:76,28,1,0
BRDA:78,29,0,0
BRDA:78,29,1,0
BRDA:78,30,0,0
BRDA:78,30,1,0
BRDA:80,31,0,0
BRDA:80,31,1,0
BRDA:80,32,0,0
BRDA:80,32,1,0
BRDA:82,33,0,0
BRDA:82,33,1,0
BRDA:93,34,0,0
BRDA:93,34,1,2
BRDA:93,35,0,2
BRDA:93,35,1,2
BRDA:96,36,0,0
BRDA:96,36,1,2
BRDA:98,37,0,0
BRDA:98,37,1,2
BRDA:100,38,0,0
BRDA:100,38,1,2
BRDA:100,39,0,2
BRDA:100,39,1,2
BRDA:102,40,0,0
BRDA:102,40,1,2
BRDA:102,41,0,2
BRDA:102,41,1,2
BRDA:104,42,0,0
BRDA:104,42,1,2
BRDA:104,43,0,2
BRDA:104,43,1,2
BRDA:106,44,0,2
BRDA:106,44,1,0
BRDA:106,45,0,2
BRDA:106,45,1,2
BRDA:108,46,0,0
BRDA:108,46,1,0
BRDA:108,47,0,0
BRDA:108,47,1,0
BRDA:110,48,0,0
BRDA:110,48,1,0
BRDA:110,49,0,0
BRDA:110,49,1,0
BRDA:112,50,0,0
BRDA:112,50,1,0
BRDA:112,51,0,0
BRDA:112,51,1,0
BRDA:114,52,0,0
BRDA:114,52,1,0
BRDA:114,53,0,0
BRDA:114,53,1,0
BRDA:116,54,0,0
BRDA:116,54,1,0
BRDA:116,55,0,0
BRDA:116,55,1,0
BRDA:118,56,0,0
BRDA:118,56,1,0
BRDA:118,57,0,0
BRDA:118,57,1,0
BRDA:120,58,0,0
BRDA:120,58,1,0
BRDA:120,59,0,0
BRDA:120,59,1,0
BRDA:122,60,0,0
BRDA:122,60,1,0
BRF:121
BRH:53
end_of_record
TN:
SF:C:\Users\Ole\GitHub\localized-readability\src\parser.js
FN:27,setup
FN:55,count
FN:67,(anonymous_2)
FN:83,statistics
FN:155,interpretations
FN:196,consensus
FNF:6
FNH:6
FNDA:6,setup
FNDA:4,count
FNDA:1164,(anonymous_2)
FNDA:3,statistics
FNDA:2,interpretations
FNDA:1,consensus
DA:6,6
DA:7,6
DA:8,6
DA:9,6
DA:10,6
DA:11,6
DA:12,6
DA:13,6
DA:14,6
DA:15,6
DA:16,6
DA:17,6
DA:18,6
DA:28,6
DA:29,0
DA:31,6
DA:32,6
DA:33,6
DA:34,6
DA:35,6
DA:36,6
DA:37,6
DA:39,0
DA:41,6
DA:56,4
DA:57,0
DA:59,4
DA:68,1164
DA:84,3
DA:85,0
DA:87,3
DA:88,0
DA:90,3
DA:156,2
DA:157,0
DA:159,2
DA:160,0
DA:162,2
DA:163,0
DA:165,2
DA:166,2
DA:197,1
DA:201,0
DA:205,1
DA:222,6
LF:45
LH:36
BRDA:28,0,0,0
BRDA:28,0,1,6
BRDA:28,1,0,6
BRDA:28,1,1,6
BRDA:56,2,0,0
BRDA:56,2,1,4
BRDA:56,3,0,4
BRDA:56,3,1,4
BRDA:84,4,0,0
BRDA:84,4,1,3
BRDA:84,5,0,3
BRDA:84,5,1,3
BRDA:87,6,0,0
BRDA:87,6,1,3
BRDA:87,7,0,3
BRDA:87,7,1,3
BRDA:156,8,0,0
BRDA:156,8,1,2
BRDA:156,9,0,2
BRDA:156,9,1,2
BRDA:159,10,0,0
BRDA:159,10,1,2
BRDA:159,11,0,2
BRDA:159,11,1,2
BRDA:162,12,0,0
BRDA:162,12,1,2
BRDA:162,13,0,2
BRDA:162,13,1,2
BRDA:197,14,0,0
BRDA:197,14,1,1
BRDA:198,15,0,1
BRDA:198,15,1,1
BRF:32
BRH:24
end_of_record
TN:
SF:C:\Users\Ole\GitHub\localized-readability\src\utilities.js
FN:13,countSyllables
FN:42,countPeriods
FN:57,average
FNF:3
FNH:3
FNDA:6,countSyllables
FNDA:4,countPeriods
FNDA:2,average
DA:14,6
DA:15,0
DA:17,6
DA:18,6
DA:19,6
DA:20,6
DA:21,6
DA:22,1746
DA:23,1266
DA:24,1266
DA:25,108
DA:27,1266
DA:31,0
DA:33,6
DA:43,4
DA:44,0
DA:46,4
DA:47,4
DA:48,4
DA:49,4
DA:58,2
DA:59,0
DA:61,2
DA:62,2
DA:63,9
DA:65,2
DA:68,6
LF:27
LH:23
BRDA:14,0,0,0
BRDA:14,0,1,6
BRDA:14,1,0,6
BRDA:14,1,1,6
BRDA:22,2,0,1266
BRDA:22,2,1,480
BRDA:24,3,0,108
BRDA:24,3,1,1158
BRDA:43,4,0,0
BRDA:43,4,1,4
BRDA:43,5,0,4
BRDA:43,5,1,4
BRDA:58,6,0,0
BRDA:58,6,1,2
BRDA:58,7,0,2
BRDA:58,7,1,2
BRF:16
BRH:13
end_of_record
